{"name": "test_complete_payment_with_one_item", "status": "broken", "statusDetails": {"message": "selenium.common.exceptions.NoSuchElementException: Message: no such element: Unable to locate element: {\"method\":\"css selector\",\"selector\":\"button[data-test^=\"add-to-cart\"]\"}\n  (Session info: chrome=134.0.6998.119); For documentation on this error, please visit: https://www.selenium.dev/documentation/webdriver/troubleshooting/errors#no-such-element-exception\nStacktrace:\n0   chromedriver                        0x00000001032036c8 cxxbridge1$str$ptr + 2791212\n1   chromedriver                        0x00000001031fbc9c cxxbridge1$str$ptr + 2759936\n2   chromedriver                        0x0000000102d4de30 cxxbridge1$string$len + 92928\n3   chromedriver                        0x0000000102d95170 cxxbridge1$string$len + 384576\n4   chromedriver                        0x0000000102d8a818 cxxbridge1$string$len + 341224\n5   chromedriver                        0x0000000102dd65f8 cxxbridge1$string$len + 651976\n6   chromedriver                        0x0000000102d892fc cxxbridge1$string$len + 335820\n7   chromedriver                        0x00000001031c86c4 cxxbridge1$str$ptr + 2549544\n8   chromedriver                        0x00000001031cb988 cxxbridge1$str$ptr + 2562540\n9   chromedriver                        0x00000001031a871c cxxbridge1$str$ptr + 2418560\n10  chromedriver                        0x00000001031cc1e8 cxxbridge1$str$ptr + 2564684\n11  chromedriver                        0x0000000103199750 cxxbridge1$str$ptr + 2357172\n12  chromedriver                        0x00000001031ebf58 cxxbridge1$str$ptr + 2695100\n13  chromedriver                        0x00000001031ec0e0 cxxbridge1$str$ptr + 2695492\n14  chromedriver                        0x00000001031fb910 cxxbridge1$str$ptr + 2759028\n15  libsystem_pthread.dylib             0x000000018f7c32e4 _pthread_start + 136\n16  libsystem_pthread.dylib             0x000000018f7be0fc thread_start + 8", "trace": "setup = <selenium.webdriver.chrome.webdriver.WebDriver (session=\"515e2d03bc50bb699ce0b27e9680af87\")>\n\n    def test_complete_payment_with_one_item(setup):\n      login_page = Login(setup)\n      product_page = Products(setup)\n      cart_page = Cart(setup)\n      checkout_page = Checkout(setup)\n      checkout_overview_page = CheckoutOverview(setup)\n      checkout_complete_page = CheckoutComplete(setup)\n    \n      # Login to the web app\n      login_page.fill_username(valid_username)\n      login_page.fill_pasword(valid_password)\n      login_page.click_login_button()\n    \n      # Verify navigation to products page\n      assert setup.current_url == saucedemo_products_url\n      product_page.check_current_tag_line()\n      product_page.check_cart_icon()\n      assert product_page.get_count_product() > 0\n    \n      # Add first product to cart\n      first_product = product_page.get_products()[0]\n>     product_page.get_add_to_cart_btn(first_product).click()\n\ntests/test_transaction.py:46: \n_ _ _ _ _ _ _ _ _ _ _ _ _ _ _ _ _ _ _ _ _ _ _ _ _ _ _ _ _ _ _ _ _ _ _ _ _ _ _ _ \npages/products.py:17: in get_add_to_cart_btn\n    return product.find_element(By.CSS_SELECTOR, Locater.xpath_first_btn_add_to_cart)\nvenv-selenium/lib/python3.13/site-packages/selenium/webdriver/remote/webelement.py:601: in find_element\n    return self._execute(Command.FIND_CHILD_ELEMENT, {\"using\": by, \"value\": value})[\"value\"]\nvenv-selenium/lib/python3.13/site-packages/selenium/webdriver/remote/webelement.py:572: in _execute\n    return self._parent.execute(command, params)\nvenv-selenium/lib/python3.13/site-packages/selenium/webdriver/remote/webdriver.py:429: in execute\n    self.error_handler.check_response(response)\n_ _ _ _ _ _ _ _ _ _ _ _ _ _ _ _ _ _ _ _ _ _ _ _ _ _ _ _ _ _ _ _ _ _ _ _ _ _ _ _ \n\nself = <selenium.webdriver.remote.errorhandler.ErrorHandler object at 0x105c86a50>\nresponse = {'status': 404, 'value': '{\"value\":{\"error\":\"no such element\",\"message\":\"no such element: Unable to locate element: {\\...00018f7c32e4 _pthread_start + 136\\\\n16  libsystem_pthread.dylib             0x000000018f7be0fc thread_start + 8\\\\n\"}}'}\n\n    def check_response(self, response: Dict[str, Any]) -> None:\n        \"\"\"Checks that a JSON response from the WebDriver does not have an\n        error.\n    \n        :Args:\n         - response - The JSON response from the WebDriver server as a dictionary\n           object.\n    \n        :Raises: If the response contains an error message.\n        \"\"\"\n        status = response.get(\"status\", None)\n        if not status or status == ErrorCode.SUCCESS:\n            return\n        value = None\n        message = response.get(\"message\", \"\")\n        screen: str = response.get(\"screen\", \"\")\n        stacktrace = None\n        if isinstance(status, int):\n            value_json = response.get(\"value\", None)\n            if value_json and isinstance(value_json, str):\n                import json\n    \n                try:\n                    value = json.loads(value_json)\n                    if len(value) == 1:\n                        value = value[\"value\"]\n                    status = value.get(\"error\", None)\n                    if not status:\n                        status = value.get(\"status\", ErrorCode.UNKNOWN_ERROR)\n                        message = value.get(\"value\") or value.get(\"message\")\n                        if not isinstance(message, str):\n                            value = message\n                            message = message.get(\"message\")\n                    else:\n                        message = value.get(\"message\", None)\n                except ValueError:\n                    pass\n    \n        exception_class: Type[WebDriverException]\n        e = ErrorCode()\n        error_codes = [item for item in dir(e) if not item.startswith(\"__\")]\n        for error_code in error_codes:\n            error_info = getattr(ErrorCode, error_code)\n            if isinstance(error_info, list) and status in error_info:\n                exception_class = getattr(ExceptionMapping, error_code, WebDriverException)\n                break\n        else:\n            exception_class = WebDriverException\n    \n        if not value:\n            value = response[\"value\"]\n        if isinstance(value, str):\n            raise exception_class(value)\n        if message == \"\" and \"message\" in value:\n            message = value[\"message\"]\n    \n        screen = None  # type: ignore[assignment]\n        if \"screen\" in value:\n            screen = value[\"screen\"]\n    \n        stacktrace = None\n        st_value = value.get(\"stackTrace\") or value.get(\"stacktrace\")\n        if st_value:\n            if isinstance(st_value, str):\n                stacktrace = st_value.split(\"\\n\")\n            else:\n                stacktrace = []\n                try:\n                    for frame in st_value:\n                        line = frame.get(\"lineNumber\", \"\")\n                        file = frame.get(\"fileName\", \"<anonymous>\")\n                        if line:\n                            file = f\"{file}:{line}\"\n                        meth = frame.get(\"methodName\", \"<anonymous>\")\n                        if \"className\" in frame:\n                            meth = f\"{frame['className']}.{meth}\"\n                        msg = \"    at %s (%s)\"\n                        msg = msg % (meth, file)\n                        stacktrace.append(msg)\n                except TypeError:\n                    pass\n        if exception_class == UnexpectedAlertPresentException:\n            alert_text = None\n            if \"data\" in value:\n                alert_text = value[\"data\"].get(\"text\")\n            elif \"alert\" in value:\n                alert_text = value[\"alert\"].get(\"text\")\n            raise exception_class(message, screen, stacktrace, alert_text)  # type: ignore[call-arg]  # mypy is not smart enough here\n>       raise exception_class(message, screen, stacktrace)\nE       selenium.common.exceptions.NoSuchElementException: Message: no such element: Unable to locate element: {\"method\":\"css selector\",\"selector\":\"button[data-test^=\"add-to-cart\"]\"}\nE         (Session info: chrome=134.0.6998.119); For documentation on this error, please visit: https://www.selenium.dev/documentation/webdriver/troubleshooting/errors#no-such-element-exception\nE       Stacktrace:\nE       0   chromedriver                        0x00000001032036c8 cxxbridge1$str$ptr + 2791212\nE       1   chromedriver                        0x00000001031fbc9c cxxbridge1$str$ptr + 2759936\nE       2   chromedriver                        0x0000000102d4de30 cxxbridge1$string$len + 92928\nE       3   chromedriver                        0x0000000102d95170 cxxbridge1$string$len + 384576\nE       4   chromedriver                        0x0000000102d8a818 cxxbridge1$string$len + 341224\nE       5   chromedriver                        0x0000000102dd65f8 cxxbridge1$string$len + 651976\nE       6   chromedriver                        0x0000000102d892fc cxxbridge1$string$len + 335820\nE       7   chromedriver                        0x00000001031c86c4 cxxbridge1$str$ptr + 2549544\nE       8   chromedriver                        0x00000001031cb988 cxxbridge1$str$ptr + 2562540\nE       9   chromedriver                        0x00000001031a871c cxxbridge1$str$ptr + 2418560\nE       10  chromedriver                        0x00000001031cc1e8 cxxbridge1$str$ptr + 2564684\nE       11  chromedriver                        0x0000000103199750 cxxbridge1$str$ptr + 2357172\nE       12  chromedriver                        0x00000001031ebf58 cxxbridge1$str$ptr + 2695100\nE       13  chromedriver                        0x00000001031ec0e0 cxxbridge1$str$ptr + 2695492\nE       14  chromedriver                        0x00000001031fb910 cxxbridge1$str$ptr + 2759028\nE       15  libsystem_pthread.dylib             0x000000018f7c32e4 _pthread_start + 136\nE       16  libsystem_pthread.dylib             0x000000018f7be0fc thread_start + 8\n\nvenv-selenium/lib/python3.13/site-packages/selenium/webdriver/remote/errorhandler.py:232: NoSuchElementException"}, "start": 1742914110357, "stop": 1742914116336, "uuid": "37931485-fd1a-4cad-b66f-44211fd7a7ac", "historyId": "51db1ab218b29ea4214bead8cd8d1124", "testCaseId": "51db1ab218b29ea4214bead8cd8d1124", "fullName": "tests.test_transaction#test_complete_payment_with_one_item", "labels": [{"name": "parentSuite", "value": "tests"}, {"name": "suite", "value": "test_transaction"}, {"name": "host", "value": "Arif-Rahman-Hakim-"}, {"name": "thread", "value": "57768-MainThread"}, {"name": "framework", "value": "pytest"}, {"name": "language", "value": "cpython3"}, {"name": "package", "value": "tests.test_transaction"}]}